<?xml version="1.0" encoding="UTF-8"?>
<testsuite name="io.greennav.persistence.InMemoryPersistenceTest" tests="1" skipped="0" failures="0" errors="0" timestamp="2017-10-08T12:35:14" hostname="xps-13" time="0.002">
  <properties/>
  <testcase name="queryNodes" classname="io.greennav.persistence.InMemoryPersistenceTest" time="0.002"/>
  <system-out><![CDATA[]]></system-out>
  <system-err><![CDATA[]]></system-err>
</testsuite>
